<?xml version="1.0" encoding="utf-8"?><testsuites name="pytest tests"><testsuite name="pytest" errors="0" failures="3" skipped="0" tests="39" time="10.328" timestamp="2026-05-04T03:39:12.864665+00:00" hostname="agent-env-c9610d65-6ca5-4275-b94b-730f58f4204f"><testcase classname="backend.tests.test_airports_search.TestPopularLists" name="test_airports_popular" time="0.172" /><testcase classname="backend.tests.test_airports_search.TestPopularLists" name="test_destinations_popular" time="0.061" /><testcase classname="backend.tests.test_airports_search.TestAirportSearch" name="test_search_jed" time="0.059" /><testcase classname="backend.tests.test_airports_search.TestAirportSearch" name="test_search_lagos" time="0.068" /><testcase classname="backend.tests.test_airports_search.TestAirportSearch" name="test_search_hanoi" time="0.059" /><testcase classname="backend.tests.test_airports_search.TestAirportSearch" name="test_search_saudi_returns_multiple_cities" time="0.060" /><testcase classname="backend.tests.test_airports_search.TestAirportSearch" name="test_search_empty_returns_popular" time="0.053" /><testcase classname="backend.tests.test_airports_search.TestAirportSearch" name="test_search_limit" time="0.056" /><testcase classname="backend.tests.test_airports_search.TestOptimizeFromJED" name="test_optimize_from_jed_anywhere" time="0.868" /><testcase classname="backend.tests.test_tripopt_api.TestReferenceData" name="test_airports_returns_uk_airports" time="0.111" /><testcase classname="backend.tests.test_tripopt_api.TestReferenceData" name="test_destinations_returns_list" time="0.050" /><testcase classname="backend.tests.test_tripopt_api.TestReferenceData" name="test_airports_global_dataset_count_and_non_uk" time="0.051" /><testcase classname="backend.tests.test_tripopt_api.TestReferenceData" name="test_destinations_global_dataset" time="0.052" /><testcase classname="backend.tests.test_tripopt_api.TestOptimize" name="test_optimize_returns_three_ranked_options" time="0.649" /><testcase classname="backend.tests.test_tripopt_api.TestOptimize" name="test_optimize_fixed_destination_bcn" time="0.053" /><testcase classname="backend.tests.test_tripopt_api.TestOptimize" name="test_optimize_weather_city_filters_correctly" time="0.255"><failure message="AssertionError: SJJ&#10;assert 'SJJ' in {'AMS', 'ATH', 'BCN', 'BUD', 'CDG', 'FCO', ...}">backend/tests/test_tripopt_api.py:141: in test_optimize_weather_city_filters_correctly
    assert o["destination"] in allowed, o["destination"]
E   AssertionError: SJJ
E   assert 'SJJ' in {'AMS', 'ATH', 'BCN', 'BUD', 'CDG', 'FCO', ...}</failure></testcase><testcase classname="backend.tests.test_tripopt_api.TestOptimize" name="test_optimize_bad_departure_returns_400" time="0.045" /><testcase classname="backend.tests.test_tripopt_api.TestOptimize" name="test_optimize_validation_budget_out_of_range" time="0.044" /><testcase classname="backend.tests.test_tripopt_api.TestOptimize" name="test_optimize_headline_and_savings_anywhere_budget_500" time="0.476" /><testcase classname="backend.tests.test_tripopt_api.TestOptimize" name="test_optimize_savings_negative_when_over_budget" time="1.061" /><testcase classname="backend.tests.test_tripopt_api.TestGlobalRouting" name="test_optimize_jfk_anywhere_returns_three_options" time="0.530" /><testcase classname="backend.tests.test_tripopt_api.TestGlobalRouting" name="test_optimize_long_haul_lhr_to_hnd" time="0.049" /><testcase classname="backend.tests.test_tripopt_api.TestGlobalRouting" name="test_optimize_short_haul_lhr_to_cdg" time="0.047" /><testcase classname="backend.tests.test_tripopt_api.TestGlobalRouting" name="test_optimize_syd_anywhere_excludes_sydney" time="0.391"><failure message="AssertionError: assert 'Sydney' != 'Sydney'">backend/tests/test_tripopt_api.py:272: in test_optimize_syd_anywhere_excludes_sydney
    assert o["destination_city"] != "Sydney"
E   AssertionError: assert 'Sydney' != 'Sydney'</failure></testcase><testcase classname="backend.tests.test_tripopt_api.TestGlobalRouting" name="test_optimize_same_airport_rejected_or_excluded" time="0.047"><failure message="AssertionError: assert 'LHR' != 'LHR'">backend/tests/test_tripopt_api.py:285: in test_optimize_same_airport_rejected_or_excluded
    assert o["destination"] != "LHR"
E   AssertionError: assert 'LHR' != 'LHR'</failure></testcase><testcase classname="backend.tests.test_pro_mode.TestAuth" name="test_me_without_token_returns_401" time="0.134" /><testcase classname="backend.tests.test_pro_mode.TestAuth" name="test_trips_without_token_returns_401" time="0.096" /><testcase classname="backend.tests.test_pro_mode.TestAuth" name="test_me_with_valid_token_returns_user" time="0.117" /><testcase classname="backend.tests.test_pro_mode.TestAuth" name="test_pro_user_me_reports_pro" time="0.114" /><testcase classname="backend.tests.test_pro_mode.TestAuth" name="test_logout_deletes_session" time="0.224" /><testcase classname="backend.tests.test_pro_mode.TestTripScoping" name="test_user_b_cannot_see_user_a_trips" time="0.486" /><testcase classname="backend.tests.test_pro_mode.TestWatchLimit" name="test_free_watch_limit_402_and_pro_unlimited" time="0.821" /><testcase classname="backend.tests.test_pro_mode.TestWatcher" name="test_run_watcher_noop_ok" time="0.129" /><testcase classname="backend.tests.test_pro_mode.TestWatcher" name="test_watcher_emits_notification_on_price_drop" time="1.605" /><testcase classname="backend.tests.test_pro_mode.TestWatcher" name="test_mark_notification_read" time="0.114" /><testcase classname="backend.tests.test_pro_mode.TestStripeCheckout" name="test_checkout_creates_pending_transaction" time="0.609" /><testcase classname="backend.tests.test_pro_mode.TestStripeCheckout" name="test_checkout_requires_auth" time="0.102" /><testcase classname="backend.tests.test_pro_mode.TestPush" name="test_register_push_token" time="0.113" /><testcase classname="backend.tests.test_pro_mode.TestPush" name="test_push_requires_auth" time="0.096" /></testsuite></testsuites>