<?xml version="1.0" encoding="utf-8"?><testsuites name="pytest tests"><testsuite name="pytest" errors="0" failures="1" skipped="0" tests="23" time="6.693" timestamp="2026-05-04T03:33:32.377002+00:00" hostname="agent-env-c9610d65-6ca5-4275-b94b-730f58f4204f"><testcase classname="tests.test_airports_search.TestPopularLists" name="test_airports_popular" time="0.263" /><testcase classname="tests.test_airports_search.TestPopularLists" name="test_destinations_popular" time="0.057" /><testcase classname="tests.test_airports_search.TestAirportSearch" name="test_search_jed" time="0.046" /><testcase classname="tests.test_airports_search.TestAirportSearch" name="test_search_lagos" time="0.045" /><testcase classname="tests.test_airports_search.TestAirportSearch" name="test_search_hanoi" time="0.045" /><testcase classname="tests.test_airports_search.TestAirportSearch" name="test_search_saudi_returns_multiple_cities" time="0.047"><failure message="AssertionError: JED missing in saudi search: set()&#10;assert 'JED' in set()">tests/test_airports_search.py:68: in test_search_saudi_returns_multiple_cities
    assert "JED" in codes, f"JED missing in saudi search: {codes}"
E   AssertionError: JED missing in saudi search: set()
E   assert 'JED' in set()</failure></testcase><testcase classname="tests.test_airports_search.TestAirportSearch" name="test_search_empty_returns_popular" time="0.043" /><testcase classname="tests.test_airports_search.TestAirportSearch" name="test_search_limit" time="0.046" /><testcase classname="tests.test_airports_search.TestOptimizeFromJED" name="test_optimize_from_jed_anywhere" time="0.811" /><testcase classname="tests.test_pro_mode.TestAuth" name="test_me_without_token_returns_401" time="0.140" /><testcase classname="tests.test_pro_mode.TestAuth" name="test_trips_without_token_returns_401" time="0.143" /><testcase classname="tests.test_pro_mode.TestAuth" name="test_me_with_valid_token_returns_user" time="0.145" /><testcase classname="tests.test_pro_mode.TestAuth" name="test_pro_user_me_reports_pro" time="0.139" /><testcase classname="tests.test_pro_mode.TestAuth" name="test_logout_deletes_session" time="0.225" /><testcase classname="tests.test_pro_mode.TestTripScoping" name="test_user_b_cannot_see_user_a_trips" time="0.518" /><testcase classname="tests.test_pro_mode.TestWatchLimit" name="test_free_watch_limit_402_and_pro_unlimited" time="0.847" /><testcase classname="tests.test_pro_mode.TestWatcher" name="test_run_watcher_noop_ok" time="0.359" /><testcase classname="tests.test_pro_mode.TestWatcher" name="test_watcher_emits_notification_on_price_drop" time="1.549" /><testcase classname="tests.test_pro_mode.TestWatcher" name="test_mark_notification_read" time="0.109" /><testcase classname="tests.test_pro_mode.TestStripeCheckout" name="test_checkout_creates_pending_transaction" time="0.608" /><testcase classname="tests.test_pro_mode.TestStripeCheckout" name="test_checkout_requires_auth" time="0.112" /><testcase classname="tests.test_pro_mode.TestPush" name="test_register_push_token" time="0.122" /><testcase classname="tests.test_pro_mode.TestPush" name="test_push_requires_auth" time="0.102" /></testsuite></testsuites>