<?xml version="1.0" encoding="utf-8"?><testsuites name="pytest tests"><testsuite name="pytest" errors="0" failures="0" skipped="0" tests="14" time="5.834" timestamp="2026-05-04T02:38:57.504254+00:00" hostname="agent-env-c9610d65-6ca5-4275-b94b-730f58f4204f"><testcase classname="backend.tests.test_pro_mode.TestAuth" name="test_me_without_token_returns_401" time="0.240" /><testcase classname="backend.tests.test_pro_mode.TestAuth" name="test_trips_without_token_returns_401" time="0.189" /><testcase classname="backend.tests.test_pro_mode.TestAuth" name="test_me_with_valid_token_returns_user" time="0.155" /><testcase classname="backend.tests.test_pro_mode.TestAuth" name="test_pro_user_me_reports_pro" time="0.181" /><testcase classname="backend.tests.test_pro_mode.TestAuth" name="test_logout_deletes_session" time="0.296" /><testcase classname="backend.tests.test_pro_mode.TestTripScoping" name="test_user_b_cannot_see_user_a_trips" time="0.850" /><testcase classname="backend.tests.test_pro_mode.TestWatchLimit" name="test_free_watch_limit_402_and_pro_unlimited" time="0.923" /><testcase classname="backend.tests.test_pro_mode.TestWatcher" name="test_run_watcher_noop_ok" time="0.145" /><testcase classname="backend.tests.test_pro_mode.TestWatcher" name="test_watcher_emits_notification_on_price_drop" time="1.551" /><testcase classname="backend.tests.test_pro_mode.TestWatcher" name="test_mark_notification_read" time="0.131" /><testcase classname="backend.tests.test_pro_mode.TestStripeCheckout" name="test_checkout_creates_pending_transaction" time="0.637" /><testcase classname="backend.tests.test_pro_mode.TestStripeCheckout" name="test_checkout_requires_auth" time="0.121" /><testcase classname="backend.tests.test_pro_mode.TestPush" name="test_register_push_token" time="0.122" /><testcase classname="backend.tests.test_pro_mode.TestPush" name="test_push_requires_auth" time="0.143" /></testsuite></testsuites>