<?xml version="1.0" encoding="utf-8"?><testsuites name="pytest tests"><testsuite name="pytest" errors="0" failures="0" skipped="0" tests="23" time="5.641" timestamp="2026-05-04T02:39:16.988765+00:00" hostname="agent-env-c9610d65-6ca5-4275-b94b-730f58f4204f"><testcase classname="backend.tests.test_pro_mode.TestAuth" name="test_me_without_token_returns_401" time="0.141" /><testcase classname="backend.tests.test_pro_mode.TestAuth" name="test_trips_without_token_returns_401" time="0.108" /><testcase classname="backend.tests.test_pro_mode.TestAuth" name="test_me_with_valid_token_returns_user" time="0.138" /><testcase classname="backend.tests.test_pro_mode.TestAuth" name="test_pro_user_me_reports_pro" time="0.115" /><testcase classname="backend.tests.test_pro_mode.TestAuth" name="test_logout_deletes_session" time="0.278" /><testcase classname="backend.tests.test_pro_mode.TestTripScoping" name="test_user_b_cannot_see_user_a_trips" time="0.465" /><testcase classname="backend.tests.test_pro_mode.TestWatchLimit" name="test_free_watch_limit_402_and_pro_unlimited" time="0.842" /><testcase classname="backend.tests.test_pro_mode.TestWatcher" name="test_run_watcher_noop_ok" time="0.110" /><testcase classname="backend.tests.test_pro_mode.TestWatcher" name="test_watcher_emits_notification_on_price_drop" time="1.594" /><testcase classname="backend.tests.test_pro_mode.TestWatcher" name="test_mark_notification_read" time="0.148" /><testcase classname="backend.tests.test_pro_mode.TestStripeCheckout" name="test_checkout_creates_pending_transaction" time="0.651" /><testcase classname="backend.tests.test_pro_mode.TestStripeCheckout" name="test_checkout_requires_auth" time="0.110" /><testcase classname="backend.tests.test_pro_mode.TestPush" name="test_register_push_token" time="0.108" /><testcase classname="backend.tests.test_pro_mode.TestPush" name="test_push_requires_auth" time="0.119" /><testcase classname="backend.tests.test_tripopt_api.TestReferenceData" name="test_airports_returns_uk_airports" time="0.109" /><testcase classname="backend.tests.test_tripopt_api.TestReferenceData" name="test_destinations_returns_list" time="0.049" /><testcase classname="backend.tests.test_tripopt_api.TestOptimize" name="test_optimize_returns_three_ranked_options" time="0.054" /><testcase classname="backend.tests.test_tripopt_api.TestOptimize" name="test_optimize_fixed_destination_bcn" time="0.052" /><testcase classname="backend.tests.test_tripopt_api.TestOptimize" name="test_optimize_weather_city_filters_correctly" time="0.055" /><testcase classname="backend.tests.test_tripopt_api.TestOptimize" name="test_optimize_bad_departure_returns_400" time="0.048" /><testcase classname="backend.tests.test_tripopt_api.TestOptimize" name="test_optimize_validation_budget_out_of_range" time="0.050" /><testcase classname="backend.tests.test_tripopt_api.TestOptimize" name="test_optimize_headline_and_savings_anywhere_budget_500" time="0.058" /><testcase classname="backend.tests.test_tripopt_api.TestOptimize" name="test_optimize_savings_negative_when_over_budget" time="0.068" /></testsuite></testsuites>