<?xml version="1.0" encoding="utf-8"?><testsuites name="pytest tests"><testsuite name="pytest" errors="0" failures="0" skipped="0" tests="8" time="1.042" timestamp="2026-05-04T01:46:00.672065+00:00" hostname="agent-env-c9610d65-6ca5-4275-b94b-730f58f4204f"><testcase classname="backend.tests.test_tripopt_api.TestReferenceData" name="test_airports_returns_uk_airports" time="0.242" /><testcase classname="backend.tests.test_tripopt_api.TestReferenceData" name="test_destinations_returns_list" time="0.062" /><testcase classname="backend.tests.test_tripopt_api.TestOptimize" name="test_optimize_returns_three_ranked_options" time="0.092" /><testcase classname="backend.tests.test_tripopt_api.TestOptimize" name="test_optimize_fixed_destination_bcn" time="0.057" /><testcase classname="backend.tests.test_tripopt_api.TestOptimize" name="test_optimize_weather_city_filters_correctly" time="0.069" /><testcase classname="backend.tests.test_tripopt_api.TestOptimize" name="test_optimize_bad_departure_returns_400" time="0.061" /><testcase classname="backend.tests.test_tripopt_api.TestOptimize" name="test_optimize_validation_budget_out_of_range" time="0.050" /><testcase classname="backend.tests.test_tripopt_api.TestSavedTrips" name="test_save_list_delete_flow" time="0.291" /></testsuite></testsuites>